0 info it worked if it ends with ok
1 verbose cli [ '/usr/local/Cellar/node/0.10.18/bin/node',
1 verbose cli   '/usr/local/bin/npm',
1 verbose cli   'install',
1 verbose cli   'node-webkit',
1 verbose cli   '--save' ]
2 info using npm@1.3.8
3 info using node@v0.10.18
4 warn package.json vibes@0.0.1 No repository field.
5 warn package.json vibes@0.0.1 No README data
6 verbose readDependencies using package.json deps
7 verbose cache add [ 'node-webkit', null ]
8 verbose cache add name=undefined spec="node-webkit" args=["node-webkit",null]
9 verbose parsed url { protocol: null,
9 verbose parsed url   slashes: null,
9 verbose parsed url   auth: null,
9 verbose parsed url   host: null,
9 verbose parsed url   port: null,
9 verbose parsed url   hostname: null,
9 verbose parsed url   hash: null,
9 verbose parsed url   search: null,
9 verbose parsed url   query: null,
9 verbose parsed url   pathname: 'node-webkit',
9 verbose parsed url   path: 'node-webkit',
9 verbose parsed url   href: 'node-webkit' }
10 silly lockFile 671c93df-node-webkit node-webkit
11 verbose lock node-webkit /Users/sherodtaylor/.npm/671c93df-node-webkit.lock
12 silly lockFile 671c93df-node-webkit node-webkit
13 silly lockFile 671c93df-node-webkit node-webkit
14 verbose addNamed [ 'node-webkit', '' ]
15 verbose addNamed [ null, '*' ]
16 silly lockFile 0a8a37b3-node-webkit node-webkit@
17 verbose lock node-webkit@ /Users/sherodtaylor/.npm/0a8a37b3-node-webkit.lock
18 silly addNameRange { name: 'node-webkit', range: '*', hasData: false }
19 verbose url raw node-webkit
20 verbose url resolving [ 'https://registry.npmjs.org/', './node-webkit' ]
21 verbose url resolved https://registry.npmjs.org/node-webkit
22 info trying registry request attempt 1 at 21:46:46
23 http GET https://registry.npmjs.org/node-webkit
24 http 404 https://registry.npmjs.org/node-webkit
25 silly registry.get cb [ 404,
25 silly registry.get   { date: 'Mon, 31 Mar 2014 04:46:47 GMT',
25 silly registry.get     server: 'CouchDB/1.5.0 (Erlang OTP/R14B04)',
25 silly registry.get     'content-type': 'application/json',
25 silly registry.get     via: '1.1 varnish',
25 silly registry.get     'cache-control': 'max-age=0',
25 silly registry.get     'content-length': '52',
25 silly registry.get     'accept-ranges': 'bytes',
25 silly registry.get     age: '0',
25 silly registry.get     'x-served-by': 'cache-v42-ASH, cache-lax1426-LAX',
25 silly registry.get     'x-cache': 'MISS, MISS',
25 silly registry.get     'x-cache-hits': '0, 0',
25 silly registry.get     'x-timer': 'S1396241207.262383223,VS0,VS34,VE44,VE73',
25 silly registry.get     'keep-alive': 'timeout=10, max=50',
25 silly registry.get     connection: 'Keep-Alive' } ]
26 silly lockFile 0a8a37b3-node-webkit node-webkit@
27 silly lockFile 0a8a37b3-node-webkit node-webkit@
28 error 404 'node-webkit' is not in the npm registry.
28 error 404 You should bug the author to publish it
28 error 404
28 error 404 Maybe try 'npm search webkit'
28 error 404
28 error 404 Note that you can also install from a
28 error 404 tarball, folder, or http url, or git url.
29 error System Darwin 13.0.0
30 error command "/usr/local/Cellar/node/0.10.18/bin/node" "/usr/local/bin/npm" "install" "node-webkit" "--save"
31 error cwd /Users/sherodtaylor/code/projects/vibes
32 error node -v v0.10.18
33 error npm -v 1.3.8
34 error code E404
35 verbose exit [ 1, true ]
